This file contains any messages produced by compilers while
running configure, to aid debugging if configure makes a mistake.

It was created by configure, which was
generated by GNU Autoconf 2.69.  Invocation command line was

  $ ./configure 

## --------- ##
## Platform. ##
## --------- ##

hostname = ZJ0303.local
uname -m = x86_64
uname -r = 15.6.0
uname -s = Darwin
uname -v = Darwin Kernel Version 15.6.0: Thu Jun 23 18:25:34 PDT 2016; root:xnu-3248.60.10~1/RELEASE_X86_64

/usr/bin/uname -p = i386
/bin/uname -X     = unknown

/bin/arch              = unknown
/usr/bin/arch -k       = unknown
/usr/convex/getsysinfo = unknown
/usr/bin/hostinfo      = Mach kernel version:
	 Darwin Kernel Version 15.6.0: Thu Jun 23 18:25:34 PDT 2016; root:xnu-3248.60.10~1/RELEASE_X86_64
Kernel configured for up to 4 processors.
2 processors are physically available.
4 processors are logically available.
Processor type: x86_64h (Intel x86-64h Haswell)
Processors active: 0 1 2 3
Primary memory available: 8.00 gigabytes
Default processor set: 264 tasks, 1201 threads, 4 processors
Load average: 2.20, Mach factor: 1.80
/bin/machine           = unknown
/usr/bin/oslevel       = unknown
/bin/universe          = unknown

PATH: /usr/local/bin
PATH: /usr/bin
PATH: /bin
PATH: /usr/local/sbin
PATH: /usr/sbin
PATH: /sbin


## ----------- ##
## Core tests. ##
## ----------- ##

configure:2298: checking for grep that handles long lines and -e
configure:2356: result: /usr/bin/grep
configure:2361: checking for egrep
configure:2423: result: /usr/bin/grep -E
configure:2428: checking for a sed that does not truncate output
configure:2482: result: /usr/bin/sed
configure:2614: checking for cc
configure:2630: found /usr/bin/cc
configure:2641: result: cc
configure:2672: checking for C compiler version
configure:2681: cc --version >&5
Apple LLVM version 8.0.0 (clang-800.0.42.1)
Target: x86_64-apple-darwin15.6.0
Thread model: posix
InstalledDir: /Library/Developer/CommandLineTools/usr/bin
configure:2692: $? = 0
configure:2681: cc -v >&5
Apple LLVM version 8.0.0 (clang-800.0.42.1)
Target: x86_64-apple-darwin15.6.0
Thread model: posix
InstalledDir: /Library/Developer/CommandLineTools/usr/bin
configure:2692: $? = 0
configure:2681: cc -V >&5
clang: error: argument to '-V' is missing (expected 1 value)
clang: error: no input files
configure:2692: $? = 1
configure:2681: cc -qversion >&5
clang: error: unknown argument: '-qversion'
clang: error: no input files
configure:2692: $? = 1
configure:2712: checking whether the C compiler works
configure:2734: cc    conftest.c  >&5
configure:2738: $? = 0
configure:2786: result: yes
configure:2789: checking for C compiler default output file name
configure:2791: result: a.out
configure:2797: checking for suffix of executables
configure:2804: cc -o conftest    conftest.c  >&5
configure:2808: $? = 0
configure:2830: result: 
configure:2852: checking whether we are cross compiling
configure:2860: cc -o conftest    conftest.c  >&5
configure:2864: $? = 0
configure:2871: ./conftest
configure:2875: $? = 0
configure:2890: result: no
configure:2895: checking for suffix of object files
configure:2917: cc -c   conftest.c >&5
configure:2921: $? = 0
configure:2942: result: o
configure:2946: checking whether we are using the GNU C compiler
configure:2965: cc -c   conftest.c >&5
configure:2965: $? = 0
configure:2974: result: yes
configure:2983: checking whether cc accepts -g
configure:3003: cc -c -g  conftest.c >&5
configure:3003: $? = 0
configure:3044: result: yes
configure:3061: checking for cc option to accept ISO C89
configure:3124: cc  -c -g -O2  conftest.c >&5
configure:3124: $? = 0
configure:3137: result: none needed
configure:3163: checking how to run the C preprocessor
configure:3194: cc -E  conftest.c
configure:3194: $? = 0
configure:3208: cc -E  conftest.c
conftest.c:9:10: fatal error: 'ac_nonexistent.h' file not found
#include <ac_nonexistent.h>
         ^
1 error generated.
configure:3208: $? = 1
configure: failed program was:
| /* confdefs.h */
| #define PACKAGE_NAME ""
| #define PACKAGE_TARNAME ""
| #define PACKAGE_VERSION ""
| #define PACKAGE_STRING ""
| #define PACKAGE_BUGREPORT ""
| #define PACKAGE_URL ""
| /* end confdefs.h.  */
| #include <ac_nonexistent.h>
configure:3233: result: cc -E
configure:3253: cc -E  conftest.c
configure:3253: $? = 0
configure:3267: cc -E  conftest.c
conftest.c:9:10: fatal error: 'ac_nonexistent.h' file not found
#include <ac_nonexistent.h>
         ^
1 error generated.
configure:3267: $? = 1
configure: failed program was:
| /* confdefs.h */
| #define PACKAGE_NAME ""
| #define PACKAGE_TARNAME ""
| #define PACKAGE_VERSION ""
| #define PACKAGE_STRING ""
| #define PACKAGE_BUGREPORT ""
| #define PACKAGE_URL ""
| /* end confdefs.h.  */
| #include <ac_nonexistent.h>
configure:3298: checking for icc
configure:3307: result: no
configure:3321: checking for suncc
configure:3330: result: no
configure:3348: checking whether cc understands -c and -o together
configure:3376: cc -c conftest.c -o conftest2.o >&5
configure:3380: $? = 0
configure:3386: cc -c conftest.c -o conftest2.o >&5
configure:3390: $? = 0
configure:3445: result: yes
configure:3459: checking for system library directory
configure:3474: result: lib
configure:3481: checking if compiler supports -R
configure:3500: cc -o conftest -g -O2   conftest.c -R /usr/lib  >&5
warning: unknown remark option '-R' [-Wunknown-warning-option]
1 warning generated.
ld: can't map file, errno=22 file '/usr/lib' for architecture x86_64
clang: error: linker command failed with exit code 1 (use -v to see invocation)
configure:3500: $? = 1
configure: failed program was:
| /* confdefs.h */
| #define PACKAGE_NAME ""
| #define PACKAGE_TARNAME ""
| #define PACKAGE_VERSION ""
| #define PACKAGE_STRING ""
| #define PACKAGE_BUGREPORT ""
| #define PACKAGE_URL ""
| /* end confdefs.h.  */
| 
| int
| main ()
| {
| 
|   ;
|   return 0;
| }
configure:3510: result: no
configure:3515: checking if compiler supports -Wl,-rpath,
configure:3534: cc -o conftest -g -O2   conftest.c -Wl,-rpath,/usr/lib  >&5
configure:3534: $? = 0
configure:3544: result: yes
configure:3589: checking build system type
configure:3603: result: x86_64-apple-darwin15.6.0
configure:3623: checking host system type
configure:3636: result: x86_64-apple-darwin15.6.0
configure:3656: checking target system type
configure:3669: result: x86_64-apple-darwin15.6.0
configure:3772: checking for PHP prefix
configure:3774: result: /usr/local/Cellar/php70/7.0.7
configure:3776: checking for PHP includes
configure:3778: result: -I/usr/local/Cellar/php70/7.0.7/include/php -I/usr/local/Cellar/php70/7.0.7/include/php/main -I/usr/local/Cellar/php70/7.0.7/include/php/TSRM -I/usr/local/Cellar/php70/7.0.7/include/php/Zend -I/usr/local/Cellar/php70/7.0.7/include/php/ext -I/usr/local/Cellar/php70/7.0.7/include/php/ext/date/lib
configure:3780: checking for PHP extension directory
configure:3782: result: /usr/local/Cellar/php70/7.0.7/lib/php/extensions/no-debug-non-zts-20151012
configure:3784: checking for PHP installed headers prefix
configure:3786: result: /usr/local/Cellar/php70/7.0.7/include/php
configure:3789: checking if debug is enabled
configure:3815: result: no
configure:3818: checking if zts is enabled
configure:3844: result: no
configure:3915: checking for re2c
configure:3945: result: no
configure:3970: WARNING: You will need re2c 0.13.4 or later if you want to regenerate PHP parsers.
configure:3984: checking for gawk
configure:4015: result: no
configure:3984: checking for nawk
configure:4015: result: no
configure:3984: checking for awk
configure:4001: found /usr/bin/awk
configure:4012: result: awk
configure:4035: checking if awk is broken
configure:4042: result: no
configure:4058: checking for buffer support
configure:4098: result: yes, shared
configure:4108: checking whether to enable buffer support
configure:4147: result: yes, shared
configure:4560: checking for ld used by cc
configure:4627: result: /Library/Developer/CommandLineTools/usr/bin/ld
configure:4634: checking if the linker (/Library/Developer/CommandLineTools/usr/bin/ld) is GNU ld
configure:4649: result: no
configure:4654: checking for /Library/Developer/CommandLineTools/usr/bin/ld option to reload object files
configure:4661: result: -r
configure:4679: checking for BSD-compatible nm
configure:4728: result: /usr/bin/nm -B
configure:4732: checking whether ln -s works
configure:4736: result: yes
configure:4743: checking how to recognize dependent libraries
configure:4929: result: pass_all
configure:5147: checking for ANSI C header files
configure:5167: cc -c -g -O2  conftest.c >&5
configure:5167: $? = 0
configure:5240: cc -o conftest -g -O2   conftest.c  >&5
configure:5240: $? = 0
configure:5240: ./conftest
configure:5240: $? = 0
configure:5251: result: yes
configure:5264: checking for sys/types.h
configure:5264: cc -c -g -O2  conftest.c >&5
configure:5264: $? = 0
configure:5264: result: yes
configure:5264: checking for sys/stat.h
configure:5264: cc -c -g -O2  conftest.c >&5
configure:5264: $? = 0
configure:5264: result: yes
configure:5264: checking for stdlib.h
configure:5264: cc -c -g -O2  conftest.c >&5
configure:5264: $? = 0
configure:5264: result: yes
configure:5264: checking for string.h
configure:5264: cc -c -g -O2  conftest.c >&5
configure:5264: $? = 0
configure:5264: result: yes
configure:5264: checking for memory.h
configure:5264: cc -c -g -O2  conftest.c >&5
configure:5264: $? = 0
configure:5264: result: yes
configure:5264: checking for strings.h
configure:5264: cc -c -g -O2  conftest.c >&5
configure:5264: $? = 0
configure:5264: result: yes
configure:5264: checking for inttypes.h
configure:5264: cc -c -g -O2  conftest.c >&5
configure:5264: $? = 0
configure:5264: result: yes
configure:5264: checking for stdint.h
configure:5264: cc -c -g -O2  conftest.c >&5
configure:5264: $? = 0
configure:5264: result: yes
configure:5264: checking for unistd.h
configure:5264: cc -c -g -O2  conftest.c >&5
configure:5264: $? = 0
configure:5264: result: yes
configure:5278: checking dlfcn.h usability
configure:5278: cc -c -g -O2  conftest.c >&5
configure:5278: $? = 0
configure:5278: result: yes
configure:5278: checking dlfcn.h presence
configure:5278: cc -E  conftest.c
configure:5278: $? = 0
configure:5278: result: yes
configure:5278: checking for dlfcn.h
configure:5278: result: yes
configure:5300: checking the maximum length of command line arguments
configure:5412: result: 196608
configure:5424: checking command to parse /usr/bin/nm -B output from cc object
configure:5529: cc -c -g -O2  conftest.c >&5
configure:5532: $? = 0
configure:5536: /usr/bin/nm -B conftest.o \| sed -n -e 's/^.*[ 	]\([BCDEGRST][BCDEGRST]*\)[ 	][ 	]*\([_A-Za-z][_A-Za-z0-9]*\)$/\1 \2 \2/p' \> conftest.nm
configure:5539: $? = 0
cannot find nm_test_var in conftest.nm
configure:5529: cc -c -g -O2  conftest.c >&5
configure:5532: $? = 0
configure:5536: /usr/bin/nm -B conftest.o \| sed -n -e 's/^.*[ 	]\([BCDEGRST][BCDEGRST]*\)[ 	][ 	]*_\([_A-Za-z][_A-Za-z0-9]*\)$/\1 _\2 \2/p' \> conftest.nm
configure:5539: $? = 0
configure:5591: cc -o conftest -g -O2   conftest.c conftstm.o >&5
warning: (x86_64)  could not find object file symbol for symbol _main
configure:5594: $? = 0
configure:5632: result: ok
configure:5636: checking for objdir
configure:5651: result: .libs
configure:5743: checking for ar
configure:5759: found /usr/bin/ar
configure:5770: result: ar
configure:5835: checking for ranlib
configure:5851: found /usr/bin/ranlib
configure:5862: result: ranlib
configure:5927: checking for strip
configure:5943: found /usr/bin/strip
configure:5954: result: strip
configure:6207: checking for dsymutil
configure:6223: found /usr/bin/dsymutil
configure:6234: result: dsymutil
configure:6299: checking for nmedit
configure:6315: found /usr/bin/nmedit
configure:6326: result: nmedit
configure:6349: checking for -single_module linker flag
configure:6370: result: yes
configure:6372: checking for -exported_symbols_list linker flag
configure:6388: cc -o conftest -g -O2   -Wl,-exported_symbols_list,conftest.sym conftest.c  >&5
configure:6391: $? = 0
configure:6405: result: yes
configure:6523: checking if cc supports -fno-rtti -fno-exceptions
configure:6541: cc -c -g -O2  -fno-rtti -fno-exceptions conftest.c >&5
configure:6545: $? = 0
configure:6558: result: yes
configure:6573: checking for cc option to produce PIC
configure:6813: result: -fno-common
configure:6821: checking if cc PIC flag -fno-common works
configure:6839: cc -c -g -O2  -fno-common -DPIC conftest.c >&5
configure:6843: $? = 0
configure:6856: result: yes
configure:6884: checking if cc static flag -static works
configure:6912: result: no
configure:6922: checking if cc supports -c -o file.o
configure:6943: cc -c -g -O2  -o out/conftest2.o conftest.c >&5
configure:6947: $? = 0
configure:6969: result: yes
configure:6995: checking whether the cc linker (/Library/Developer/CommandLineTools/usr/bin/ld) supports shared libraries
configure:7923: result: yes
configure:7990: checking dynamic linker characteristics
configure:8588: result: darwin15.6.0 dyld
configure:8612: checking how to hardcode library paths into programs
configure:8637: result: immediate
configure:8651: checking whether stripping libraries is possible
configure:8665: result: yes
configure:9173: checking if libtool supports shared libraries
configure:9175: result: yes
configure:9178: checking whether to build shared libraries
configure:9199: result: yes
configure:9202: checking whether to build static libraries
configure:9206: result: no
configure:9301: result:
creating libtool
configure:13000: creating ./config.status

## ---------------------- ##
## Running config.status. ##
## ---------------------- ##

This file was extended by config.status, which was
generated by GNU Autoconf 2.69.  Invocation command line was

  CONFIG_FILES    = 
  CONFIG_HEADERS  = 
  CONFIG_LINKS    = 
  CONFIG_COMMANDS = 
  $ ./config.status 

on ZJ0303.local

config.status:676: creating config.h
config.status:766: config.h is unchanged

## ---------------- ##
## Cache variables. ##
## ---------------- ##

ac_cv_build=x86_64-apple-darwin15.6.0
ac_cv_c_compiler_gnu=yes
ac_cv_env_CC_set=
ac_cv_env_CC_value=
ac_cv_env_CFLAGS_set=
ac_cv_env_CFLAGS_value=
ac_cv_env_CPPFLAGS_set=
ac_cv_env_CPPFLAGS_value=
ac_cv_env_CPP_set=
ac_cv_env_CPP_value=
ac_cv_env_LDFLAGS_set=
ac_cv_env_LDFLAGS_value=
ac_cv_env_LIBS_set=
ac_cv_env_LIBS_value=
ac_cv_env_build_alias_set=
ac_cv_env_build_alias_value=
ac_cv_env_host_alias_set=
ac_cv_env_host_alias_value=
ac_cv_env_target_alias_set=
ac_cv_env_target_alias_value=
ac_cv_header_dlfcn_h=yes
ac_cv_header_inttypes_h=yes
ac_cv_header_memory_h=yes
ac_cv_header_stdc=yes
ac_cv_header_stdint_h=yes
ac_cv_header_stdlib_h=yes
ac_cv_header_string_h=yes
ac_cv_header_strings_h=yes
ac_cv_header_sys_stat_h=yes
ac_cv_header_sys_types_h=yes
ac_cv_header_unistd_h=yes
ac_cv_host=x86_64-apple-darwin15.6.0
ac_cv_objext=o
ac_cv_path_EGREP='/usr/bin/grep -E'
ac_cv_path_GREP=/usr/bin/grep
ac_cv_prog_AWK=awk
ac_cv_prog_CPP='cc -E'
ac_cv_prog_ac_ct_AR=ar
ac_cv_prog_ac_ct_CC=cc
ac_cv_prog_ac_ct_DSYMUTIL=dsymutil
ac_cv_prog_ac_ct_NMEDIT=nmedit
ac_cv_prog_ac_ct_RANLIB=ranlib
ac_cv_prog_ac_ct_STRIP=strip
ac_cv_prog_cc_c89=
ac_cv_prog_cc_cc_c_o=yes
ac_cv_prog_cc_g=yes
ac_cv_target=x86_64-apple-darwin15.6.0
lt_cv_apple_cc_single_mod=yes
lt_cv_deplibs_check_method=pass_all
lt_cv_file_magic_cmd='$MAGIC_CMD'
lt_cv_file_magic_test_file=
lt_cv_ld_exported_symbols_list=yes
lt_cv_ld_reload_flag=-r
lt_cv_objdir=.libs
lt_cv_path_LD=/Library/Developer/CommandLineTools/usr/bin/ld
lt_cv_path_NM='/usr/bin/nm -B'
lt_cv_path_SED=/usr/bin/sed
lt_cv_prog_compiler_c_o=yes
lt_cv_prog_compiler_pic_works=yes
lt_cv_prog_compiler_rtti_exceptions=yes
lt_cv_prog_compiler_static_works=no
lt_cv_prog_gnu_ld=no
lt_cv_sys_global_symbol_pipe='sed -n -e '\''s/^.*[ 	]\([BCDEGRST][BCDEGRST]*\)[ 	][ 	]*_\([_A-Za-z][_A-Za-z0-9]*\)$/\1 _\2 \2/p'\'''
lt_cv_sys_global_symbol_to_c_name_address='sed -n -e '\''s/^: \([^ ]*\) $/  {\"\1\", (lt_ptr) 0},/p'\'' -e '\''s/^[BCDEGRST] \([^ ]*\) \([^ ]*\)$/  {"\2", (lt_ptr) \&\2},/p'\'''
lt_cv_sys_global_symbol_to_cdecl='sed -n -e '\''s/^. .* \(.*\)$/extern int \1;/p'\'''
lt_cv_sys_lib_dlsearch_path_spec='/usr/local/lib /lib /usr/lib'
lt_cv_sys_lib_search_path_spec='/Library/Developer/CommandLineTools/usr/lib/clang/8.0.0 /usr/local/lib'
lt_cv_sys_max_cmd_len=196608
lt_lt_cv_prog_compiler_c_o='"yes"'
lt_lt_cv_sys_global_symbol_pipe='"sed -n -e '\''s/^.*[ 	]\\([BCDEGRST][BCDEGRST]*\\)[ 	][ 	]*_\\([_A-Za-z][_A-Za-z0-9]*\\)\$/\\1 _\\2 \\2/p'\''"'
lt_lt_cv_sys_global_symbol_to_c_name_address='"sed -n -e '\''s/^: \\([^ ]*\\) \$/  {\\\"\\1\\\", (lt_ptr) 0},/p'\'' -e '\''s/^[BCDEGRST] \\([^ ]*\\) \\([^ ]*\\)\$/  {\"\\2\", (lt_ptr) \\&\\2},/p'\''"'
lt_lt_cv_sys_global_symbol_to_cdecl='"sed -n -e '\''s/^. .* \\(.*\\)\$/extern int \\1;/p'\''"'
php_cv_cc_dashr=no
php_cv_cc_rpath=yes

## ----------------- ##
## Output variables. ##
## ----------------- ##

AR='ar'
AWK='awk'
CC='cc'
CFLAGS='-g -O2'
CONFIGURE_COMMAND=' '\''./configure'\'' '
CONFIGURE_OPTIONS=''
CPP='cc -E'
CPPFLAGS=' -DHAVE_CONFIG_H'
DEFS='-DHAVE_CONFIG_H'
DSYMUTIL='dsymutil'
ECHO='/bin/echo'
ECHO_C='\c'
ECHO_N=''
ECHO_T=''
EGREP='/usr/bin/grep -E'
EXEEXT=''
GREP='/usr/bin/grep'
LDFLAGS=''
LIBOBJS=''
LIBS=''
LIBTOOL='$(SHELL) $(top_builddir)/libtool'
LN_S='ln -s'
LTLIBOBJS=''
NMEDIT='nmedit'
OBJEXT='o'
PACKAGE_BUGREPORT=''
PACKAGE_NAME=''
PACKAGE_STRING=''
PACKAGE_TARNAME=''
PACKAGE_URL=''
PACKAGE_VERSION=''
PATH_SEPARATOR=':'
RANLIB='ranlib'
RE2C='exit 0;'
SED='/usr/bin/sed'
SHELL='/bin/sh'
SHLIB_DL_SUFFIX_NAME='so'
SHLIB_SUFFIX_NAME='dylib'
STRIP='strip'
ac_ct_CC='cc'
bindir='${exec_prefix}/bin'
build='x86_64-apple-darwin15.6.0'
build_alias=''
build_cpu='x86_64'
build_os='darwin15.6.0'
build_vendor='apple'
datadir='${datarootdir}'
datarootdir='${prefix}/share'
docdir='${datarootdir}/doc/${PACKAGE}'
dvidir='${docdir}'
exec_prefix='$(prefix)'
host='x86_64-apple-darwin15.6.0'
host_alias='x86_64-apple-darwin15.6.0'
host_cpu='x86_64'
host_os='darwin15.6.0'
host_vendor='apple'
htmldir='${docdir}'
includedir='${prefix}/include'
infodir='${datarootdir}/info'
libdir='${exec_prefix}/lib'
libexecdir='${exec_prefix}/libexec'
localedir='${datarootdir}/locale'
localstatedir='${prefix}/var'
mandir='${datarootdir}/man'
oldincludedir='/usr/include'
pdfdir='${docdir}'
prefix='/usr/local/Cellar/php70/7.0.7'
program_transform_name='s,x,x,'
psdir='${docdir}'
sbindir='${exec_prefix}/sbin'
sharedstatedir='${prefix}/com'
sysconfdir='${prefix}/etc'
target='x86_64-apple-darwin15.6.0'
target_alias=''
target_cpu='x86_64'
target_os='darwin15.6.0'
target_vendor='apple'

## ----------- ##
## confdefs.h. ##
## ----------- ##

/* confdefs.h */
#define PACKAGE_NAME ""
#define PACKAGE_TARNAME ""
#define PACKAGE_VERSION ""
#define PACKAGE_STRING ""
#define PACKAGE_BUGREPORT ""
#define PACKAGE_URL ""
#define COMPILE_DL_BUFFER 1
#define STDC_HEADERS 1
#define HAVE_SYS_TYPES_H 1
#define HAVE_SYS_STAT_H 1
#define HAVE_STDLIB_H 1
#define HAVE_STRING_H 1
#define HAVE_MEMORY_H 1
#define HAVE_STRINGS_H 1
#define HAVE_INTTYPES_H 1
#define HAVE_STDINT_H 1
#define HAVE_UNISTD_H 1
#define HAVE_DLFCN_H 1

configure: exit 0
